#######################################
Args: Namespace(dataset='CASIA-B', euc_or_cos_dist='euc', eval_feature_pkl='CASIA-B_testset_GaitSet_CASIA-B_73_False_256_0.2_128_full_30-80000-eval_feature.pkl', exclude_idt_view=True, gpu='0', part_average=False, part_dim=256, remove_no_gallery=False)
#######################################
The Seqs that have NO GALLERY are *INCLUDED*.
#######################################
CASIA-B_testset_GaitSet_CASIA-B_73_False_256_0.2_128_full_30-80000-eval_feature.pkl *EXISTS*
#######################################
******************************************************PROTOCOL_0******************************************************
#######################################
Compute Euclidean Distance
#######################################
#######################################
Feature Shape:  torch.Size([5466, 62, 256])
#######################################
/mnt/TBIOM_Metric_Gait_Github/protocol_scripts/evaluator.py:119: UserWarning: indexing with dtype torch.uint8 is now deprecated, please use a dtype torch.bool instead. (Triggered internally at  /pytorch/aten/src/ATen/native/IndexingUtils.h:25.)
  gallery_x = feature[gseq_mask, :, :]
/mnt/TBIOM_Metric_Gait_Github/protocol_scripts/evaluator.py:127: UserWarning: indexing with dtype torch.uint8 is now deprecated, please use a dtype torch.bool instead. (Triggered internally at  /pytorch/aten/src/ATen/native/IndexingUtils.h:25.)
  probe_x = feature[pseq_mask, :, :]
#######################################
Metric=ACC@Rank1
Type1: 95.21	Type2: 88.08	Type3: 71.05	
===ACC@Rank1 of Each Angle===
Type1: [93.40 98.10 98.50 97.80 92.60 90.90 94.20 97.30 98.40 97.00 89.10]
Type2: [85.90 92.12 93.94 90.41 86.40 78.70 85.00 91.60 93.10 91.01 80.70]
Type3: [63.70 75.60 80.70 77.50 69.10 67.80 69.70 74.60 76.10 71.10 55.70]
#######################################
#######################################
Metric=mAP
Type1: 95.52	Type2: 89.54	Type3: 74.87	
===mAP of Each Angle===
Type1: [92.86 97.77 98.72 97.77 94.08 92.29 94.71 97.51 97.98 97.25 89.79]
Type2: [86.64 93.19 94.84 92.29 87.38 81.21 87.35 92.96 93.75 92.11 83.19]
Type3: [68.91 78.55 82.77 79.80 73.51 72.53 74.07 77.61 78.61 75.48 61.74]
#######################################
******************************************************PROTOCOL_0******************************************************
******************************************************PROTOCOL_1******************************************************
#######################################
Compute Euclidean Distance
#######################################
#######################################
Feature Shape:  torch.Size([5466, 62, 256])
#######################################
/mnt/TBIOM_Metric_Gait_Github/protocol_scripts/evaluator.py:174: UserWarning: indexing with dtype torch.uint8 is now deprecated, please use a dtype torch.bool instead. (Triggered internally at  /pytorch/aten/src/ATen/native/IndexingUtils.h:25.)
  gallery_x = feature[gseq_mask, :, :]
/mnt/TBIOM_Metric_Gait_Github/protocol_scripts/evaluator.py:183: UserWarning: indexing with dtype torch.uint8 is now deprecated, please use a dtype torch.bool instead. (Triggered internally at  /pytorch/aten/src/ATen/native/IndexingUtils.h:25.)
  probe_x = feature[pseq_mask, :, :]
#######################################
Metric=ACC@Rank1
Type1: 100.00	Type2: 98.91	Type3: 99.82	
===ACC@Rank1 of Each Angle===
Type1: [100.00 100.00 100.00 100.00 100.00 100.00 100.00 100.00 100.00 100.00 100.00]
Type2: [100.00  98.00  98.00  97.96  98.00  98.00  98.00 100.00 100.00 100.00 100.00]
Type3: [ 98.00 100.00 100.00 100.00 100.00 100.00 100.00 100.00 100.00 100.00 100.00]
#######################################
#######################################
Metric=mAP
Type1: 82.68	Type2: 78.53	Type3: 73.41	
===mAP of Each Angle===
Type1: [74.72 82.09 85.89 87.43 86.28 83.07 83.96 87.25 86.72 81.42 70.70]
Type2: [72.73 80.65 84.56 83.48 78.52 73.03 77.85 83.12 83.99 78.27 67.65]
Type3: [65.03 76.33 81.57 80.71 73.61 71.76 73.91 78.29 77.48 72.11 56.74]
#######################################
******************************************************PROTOCOL_1******************************************************
